<?xml version="1.0" encoding="UTF-8"?>
<testng-results skipped="0" failed="0" ignored="0" total="7" passed="7">
  <reporter-output>
  </reporter-output>
  <suite name="DemoBlazeSuite" duration-ms="62414" started-at="2023-03-16T17:54:34 IST" finished-at="2023-03-16T17:55:36 IST">
    <groups>
      <group name="cucumber">
        <method signature="AbstractTestNGCucumberTests.runScenario(io.cucumber.testng.PickleWrapper,io.cucumber.testng.FeatureWrapper)[pri:0, instance:runners.DemoBlazeRunner@50d0686]" name="runScenario" class="io.cucumber.testng.AbstractTestNGCucumberTests"/>
      </group> <!-- cucumber -->
    </groups>
    <test name="DemoBlazeTest" duration-ms="62414" started-at="2023-03-16T17:54:34 IST" finished-at="2023-03-16T17:55:36 IST">
      <class name="runners.DemoBlazeRunner">
        <test-method status="PASS" signature="setUpClass(org.testng.ITestContext)[pri:0, instance:runners.DemoBlazeRunner@50d0686]" name="setUpClass" is-config="true" duration-ms="13435" started-at="2023-03-16T17:54:34 IST" finished-at="2023-03-16T17:54:47 IST">
          <params>
            <param index="0">
              <value>
                <![CDATA[org.testng.TestRunner@521bb1a4]]>
              </value>
            </param>
          </params>
          <reporter-output>
          </reporter-output>
        </test-method> <!-- setUpClass -->
        <test-method status="PASS" signature="runScenario(io.cucumber.testng.PickleWrapper,io.cucumber.testng.FeatureWrapper)[pri:0, instance:runners.DemoBlazeRunner@50d0686]" name="runScenario" duration-ms="6391" started-at="2023-03-16T17:54:47 IST" description="Runs Cucumber Scenarios" data-provider="scenarios" finished-at="2023-03-16T17:54:54 IST">
          <params>
            <param index="0">
              <value>
                <![CDATA["Login into an Application"]]>
              </value>
            </param>
            <param index="1">
              <value>
                <![CDATA["DemoBlaze Web Tests"]]>
              </value>
            </param>
          </params>
          <reporter-output>
          </reporter-output>
        </test-method> <!-- runScenario -->
        <test-method status="PASS" signature="runScenario(io.cucumber.testng.PickleWrapper,io.cucumber.testng.FeatureWrapper)[pri:0, instance:runners.DemoBlazeRunner@50d0686]" name="runScenario" duration-ms="6812" started-at="2023-03-16T17:54:54 IST" description="Runs Cucumber Scenarios" data-provider="scenarios" finished-at="2023-03-16T17:55:00 IST">
          <params>
            <param index="0">
              <value>
                <![CDATA["Add items to cart"]]>
              </value>
            </param>
            <param index="1">
              <value>
                <![CDATA["DemoBlaze Web Tests"]]>
              </value>
            </param>
          </params>
          <reporter-output>
          </reporter-output>
        </test-method> <!-- runScenario -->
        <test-method status="PASS" signature="runScenario(io.cucumber.testng.PickleWrapper,io.cucumber.testng.FeatureWrapper)[pri:0, instance:runners.DemoBlazeRunner@50d0686]" name="runScenario" duration-ms="7083" started-at="2023-03-16T17:55:00 IST" description="Runs Cucumber Scenarios" data-provider="scenarios" finished-at="2023-03-16T17:55:08 IST">
          <params>
            <param index="0">
              <value>
                <![CDATA["Add items to cart"]]>
              </value>
            </param>
            <param index="1">
              <value>
                <![CDATA["DemoBlaze Web Tests"]]>
              </value>
            </param>
          </params>
          <reporter-output>
          </reporter-output>
        </test-method> <!-- runScenario -->
        <test-method status="PASS" signature="runScenario(io.cucumber.testng.PickleWrapper,io.cucumber.testng.FeatureWrapper)[pri:0, instance:runners.DemoBlazeRunner@50d0686]" name="runScenario" duration-ms="7752" started-at="2023-03-16T17:55:08 IST" description="Runs Cucumber Scenarios" data-provider="scenarios" finished-at="2023-03-16T17:55:15 IST">
          <params>
            <param index="0">
              <value>
                <![CDATA["Add items to cart"]]>
              </value>
            </param>
            <param index="1">
              <value>
                <![CDATA["DemoBlaze Web Tests"]]>
              </value>
            </param>
          </params>
          <reporter-output>
          </reporter-output>
        </test-method> <!-- runScenario -->
        <test-method status="PASS" signature="runScenario(io.cucumber.testng.PickleWrapper,io.cucumber.testng.FeatureWrapper)[pri:0, instance:runners.DemoBlazeRunner@50d0686]" name="runScenario" duration-ms="8074" started-at="2023-03-16T17:55:15 IST" description="Runs Cucumber Scenarios" data-provider="scenarios" finished-at="2023-03-16T17:55:23 IST">
          <params>
            <param index="0">
              <value>
                <![CDATA["Add items to cart"]]>
              </value>
            </param>
            <param index="1">
              <value>
                <![CDATA["DemoBlaze Web Tests"]]>
              </value>
            </param>
          </params>
          <reporter-output>
          </reporter-output>
        </test-method> <!-- runScenario -->
        <test-method status="PASS" signature="runScenario(io.cucumber.testng.PickleWrapper,io.cucumber.testng.FeatureWrapper)[pri:0, instance:runners.DemoBlazeRunner@50d0686]" name="runScenario" duration-ms="3668" started-at="2023-03-16T17:55:23 IST" description="Runs Cucumber Scenarios" data-provider="scenarios" finished-at="2023-03-16T17:55:27 IST">
          <params>
            <param index="0">
              <value>
                <![CDATA["Delete an item"]]>
              </value>
            </param>
            <param index="1">
              <value>
                <![CDATA["DemoBlaze Web Tests"]]>
              </value>
            </param>
          </params>
          <reporter-output>
          </reporter-output>
        </test-method> <!-- runScenario -->
        <test-method status="PASS" signature="runScenario(io.cucumber.testng.PickleWrapper,io.cucumber.testng.FeatureWrapper)[pri:0, instance:runners.DemoBlazeRunner@50d0686]" name="runScenario" duration-ms="5600" started-at="2023-03-16T17:55:27 IST" description="Runs Cucumber Scenarios" data-provider="scenarios" finished-at="2023-03-16T17:55:33 IST">
          <params>
            <param index="0">
              <value>
                <![CDATA["Place an order"]]>
              </value>
            </param>
            <param index="1">
              <value>
                <![CDATA["DemoBlaze Web Tests"]]>
              </value>
            </param>
          </params>
          <reporter-output>
          </reporter-output>
        </test-method> <!-- runScenario -->
        <test-method status="PASS" signature="tearDownClass()[pri:0, instance:runners.DemoBlazeRunner@50d0686]" name="tearDownClass" is-config="true" duration-ms="3501" started-at="2023-03-16T17:55:33 IST" finished-at="2023-03-16T17:55:36 IST">
          <reporter-output>
          </reporter-output>
        </test-method> <!-- tearDownClass -->
      </class> <!-- runners.DemoBlazeRunner -->
    </test> <!-- DemoBlazeTest -->
  </suite> <!-- DemoBlazeSuite -->
</testng-results>
