<?xml version="1.0" encoding="UTF-8"?>
<testsuite xmlns:xsi="http://www.w3.org/2001/XMLSchema-instance" xsi:noNamespaceSchemaLocation="https://maven.apache.org/surefire/maven-surefire-plugin/xsd/surefire-test-report-3.0.xsd" version="3.0" name="TestSuite" time="60.058" tests="7" errors="0" skipped="0" failures="0">
  <properties>
[...]
</properties>
  <testcase name="runScenario[&quot;Login into an Application&quot;, &quot;DemoBlaze Web Tests&quot;](1)" classname="runners.DemoBlazeRunner" time="6.82">
    <system-out><![CDATA[
Scenario: Login into an Application                                     # src/test/resources/features/demoBlazeBDD.feature:3
  Given User is on Launch Page                                          # stepsDefs.DemoBlazeStepDef.user_is_on_launch_page()
  When User navigates to the login Page enters "ShriAthi" and "Shri.01" # stepsDefs.DemoBlazeStepDef.user_navigates_to_the_login_page_enters_and(java.lang.String,java.lang.String)
  Then It should display Home Page                                      # stepsDefs.DemoBlazeStepDef.it_should_display_home_page()
]]></system-out>
    <system-err><![CDATA[SLF4J: Failed to load class "org.slf4j.impl.StaticLoggerBinder".
SLF4J: Defaulting to no-operation (NOP) logger implementation
SLF4J: See http://www.slf4j.org/codes.html#StaticLoggerBinder for further details.
Starting Microsoft Edge WebDriver 111.0.1661.43 (b6e9cbf64f5a49997370859b5c1c28a3a25b3477) on port 24103
To submit feedback, report a bug, or suggest new features, please visit https://github.com/MicrosoftEdge/EdgeWebDriver

Only local connections are allowed.
Please see https://aka.ms/WebDriverSecurity for suggestions on keeping Microsoft Edge WebDriver safe.

Microsoft Edge WebDriver was started successfully.
Mar 16, 2023 3:57:17 PM org.openqa.selenium.devtools.CdpVersionFinder findNearestMatch
WARNING: Unable to find an exact match for CDP version 111, so returning the closest version found: 107
]]></system-err>
  </testcase>
  <testcase name="runScenario[&quot;Add items to cart&quot;, &quot;DemoBlaze Web Tests&quot;](2)" classname="runners.DemoBlazeRunner" time="7.614">
    <system-out><![CDATA[
Scenario Outline: Add items to cart      # src/test/resources/features/demoBlazeBDD.feature:14
  Given User is on Launch Page           # stepsDefs.DemoBlazeStepDef.user_is_on_launch_page()
  When User add an "Nexus 6" to the cart # stepsDefs.DemoBlazeStepDef.user_add_an_to_the_cart(java.lang.String)
  Then the items added to the cart       # stepsDefs.DemoBlazeStepDef.the_items_added_to_the_cart()
]]></system-out>
  </testcase>
  <testcase name="runScenario[&quot;Add items to cart&quot;, &quot;DemoBlaze Web Tests&quot;](3)" classname="runners.DemoBlazeRunner" time="7.808">
    <system-out><![CDATA[
Scenario Outline: Add items to cart         # src/test/resources/features/demoBlazeBDD.feature:15
  Given User is on Launch Page              # stepsDefs.DemoBlazeStepDef.user_is_on_launch_page()
  When User add an "HTC One M9" to the cart # stepsDefs.DemoBlazeStepDef.user_add_an_to_the_cart(java.lang.String)
  Then the items added to the cart          # stepsDefs.DemoBlazeStepDef.the_items_added_to_the_cart()
]]></system-out>
  </testcase>
  <testcase name="runScenario[&quot;Add items to cart&quot;, &quot;DemoBlaze Web Tests&quot;](4)" classname="runners.DemoBlazeRunner" time="8.288">
    <system-out><![CDATA[
Scenario Outline: Add items to cart           # src/test/resources/features/demoBlazeBDD.feature:16
  Given User is on Launch Page                # stepsDefs.DemoBlazeStepDef.user_is_on_launch_page()
  When User add an "Sony vaio i7" to the cart # stepsDefs.DemoBlazeStepDef.user_add_an_to_the_cart(java.lang.String)
  Then the items added to the cart            # stepsDefs.DemoBlazeStepDef.the_items_added_to_the_cart()
]]></system-out>
  </testcase>
  <testcase name="runScenario[&quot;Add items to cart&quot;, &quot;DemoBlaze Web Tests&quot;](5)" classname="runners.DemoBlazeRunner" time="7.196">
    <system-out><![CDATA[
Scenario Outline: Add items to cart                # src/test/resources/features/demoBlazeBDD.feature:17
  Given User is on Launch Page                     # stepsDefs.DemoBlazeStepDef.user_is_on_launch_page()
  When User add an "Samsung galaxy s7" to the cart # stepsDefs.DemoBlazeStepDef.user_add_an_to_the_cart(java.lang.String)
  Then the items added to the cart                 # stepsDefs.DemoBlazeStepDef.the_items_added_to_the_cart()
]]></system-out>
  </testcase>
  <testcase name="runScenario[&quot;Delete an item&quot;, &quot;DemoBlaze Web Tests&quot;](6)" classname="runners.DemoBlazeRunner" time="3.799">
    <system-out><![CDATA[
Scenario: Delete an item                           # src/test/resources/features/demoBlazeBDD.feature:19
  Given User is on Cart Page                       # stepsDefs.DemoBlazeStepDef.user_is_on_cart_page()
  When User deletes an item from the cart page     # stepsDefs.DemoBlazeStepDef.user_deletes_an_item_from_the_cart_page()
  Then the item must be deleted from the cart page # stepsDefs.DemoBlazeStepDef.the_item_must_be_deleted_from_the_cart_page()
]]></system-out>
  </testcase>
  <testcase name="runScenario[&quot;Place an order&quot;, &quot;DemoBlaze Web Tests&quot;](7)" classname="runners.DemoBlazeRunner" time="5.207">
    <system-out><![CDATA[
Scenario: Place an order       # src/test/resources/features/demoBlazeBDD.feature:24
  Given User is on Cart Page   # stepsDefs.DemoBlazeStepDef.user_is_on_cart_page()
  When User places an order    # stepsDefs.DemoBlazeStepDef.user_places_an_order()
  Then the item must be placed # stepsDefs.DemoBlazeStepDef.the_item_must_be_placed()
]]></system-out>
  </testcase>
</testsuite>