<?xml version="1.0" encoding="UTF-8"?>
<testng-results skipped="0" failed="0" ignored="0" total="6" passed="6">
  <reporter-output>
  </reporter-output>
  <suite name="Default suite" duration-ms="41547" started-at="2023-03-17T00:09:02 IST" finished-at="2023-03-17T00:09:43 IST">
    <groups>
      <group name="cucumber">
        <method signature="AbstractTestNGCucumberTests.runScenario(io.cucumber.testng.PickleWrapper,io.cucumber.testng.FeatureWrapper)[pri:0, instance:runners.DemoBlazeRunner@646007f4]" name="runScenario" class="io.cucumber.testng.AbstractTestNGCucumberTests"/>
      </group> <!-- cucumber -->
    </groups>
    <test name="Default test" duration-ms="41547" started-at="2023-03-17T00:09:02 IST" finished-at="2023-03-17T00:09:43 IST">
      <class name="runners.DemoBlazeRunner">
        <test-method status="PASS" signature="setUpClass(org.testng.ITestContext)[pri:0, instance:runners.DemoBlazeRunner@646007f4]" name="setUpClass" is-config="true" duration-ms="10453" started-at="2023-03-17T00:09:02 IST" finished-at="2023-03-17T00:09:12 IST">
          <params>
            <param index="0">
              <value>
                <![CDATA[org.testng.TestRunner@50f097b5]]>
              </value>
            </param>
          </params>
          <reporter-output>
          </reporter-output>
        </test-method> <!-- setUpClass -->
        <test-method status="PASS" signature="runScenario(io.cucumber.testng.PickleWrapper,io.cucumber.testng.FeatureWrapper)[pri:0, instance:runners.DemoBlazeRunner@646007f4]" name="runScenario" duration-ms="3973" started-at="2023-03-17T00:09:12 IST" description="Runs Cucumber Scenarios" data-provider="scenarios" finished-at="2023-03-17T00:09:16 IST">
          <params>
            <param index="0">
              <value>
                <![CDATA["Valid login"]]>
              </value>
            </param>
            <param index="1">
              <value>
                <![CDATA["DemoBlazeWebTest"]]>
              </value>
            </param>
          </params>
          <reporter-output>
          </reporter-output>
        </test-method> <!-- runScenario -->
        <test-method status="PASS" signature="runScenario(io.cucumber.testng.PickleWrapper,io.cucumber.testng.FeatureWrapper)[pri:0, instance:runners.DemoBlazeRunner@646007f4]" name="runScenario" duration-ms="5943" started-at="2023-03-17T00:09:16 IST" description="Runs Cucumber Scenarios" data-provider="scenarios" finished-at="2023-03-17T00:09:22 IST">
          <params>
            <param index="0">
              <value>
                <![CDATA["Adding products to cart"]]>
              </value>
            </param>
            <param index="1">
              <value>
                <![CDATA["DemoBlazeWebTest"]]>
              </value>
            </param>
          </params>
          <reporter-output>
          </reporter-output>
        </test-method> <!-- runScenario -->
        <test-method status="PASS" signature="runScenario(io.cucumber.testng.PickleWrapper,io.cucumber.testng.FeatureWrapper)[pri:0, instance:runners.DemoBlazeRunner@646007f4]" name="runScenario" duration-ms="4724" started-at="2023-03-17T00:09:22 IST" description="Runs Cucumber Scenarios" data-provider="scenarios" finished-at="2023-03-17T00:09:27 IST">
          <params>
            <param index="0">
              <value>
                <![CDATA["Adding products to cart"]]>
              </value>
            </param>
            <param index="1">
              <value>
                <![CDATA["DemoBlazeWebTest"]]>
              </value>
            </param>
          </params>
          <reporter-output>
          </reporter-output>
        </test-method> <!-- runScenario -->
        <test-method status="PASS" signature="runScenario(io.cucumber.testng.PickleWrapper,io.cucumber.testng.FeatureWrapper)[pri:0, instance:runners.DemoBlazeRunner@646007f4]" name="runScenario" duration-ms="5740" started-at="2023-03-17T00:09:27 IST" description="Runs Cucumber Scenarios" data-provider="scenarios" finished-at="2023-03-17T00:09:32 IST">
          <params>
            <param index="0">
              <value>
                <![CDATA["Adding products to cart"]]>
              </value>
            </param>
            <param index="1">
              <value>
                <![CDATA["DemoBlazeWebTest"]]>
              </value>
            </param>
          </params>
          <reporter-output>
          </reporter-output>
        </test-method> <!-- runScenario -->
        <test-method status="PASS" signature="runScenario(io.cucumber.testng.PickleWrapper,io.cucumber.testng.FeatureWrapper)[pri:0, instance:runners.DemoBlazeRunner@646007f4]" name="runScenario" duration-ms="340" started-at="2023-03-17T00:09:32 IST" description="Runs Cucumber Scenarios" data-provider="scenarios" finished-at="2023-03-17T00:09:33 IST">
          <params>
            <param index="0">
              <value>
                <![CDATA["Delete an item in the cart page"]]>
              </value>
            </param>
            <param index="1">
              <value>
                <![CDATA["DemoBlazeWebTest"]]>
              </value>
            </param>
          </params>
          <reporter-output>
          </reporter-output>
        </test-method> <!-- runScenario -->
        <test-method status="PASS" signature="runScenario(io.cucumber.testng.PickleWrapper,io.cucumber.testng.FeatureWrapper)[pri:0, instance:runners.DemoBlazeRunner@646007f4]" name="runScenario" duration-ms="5727" started-at="2023-03-17T00:09:33 IST" description="Runs Cucumber Scenarios" data-provider="scenarios" finished-at="2023-03-17T00:09:39 IST">
          <params>
            <param index="0">
              <value>
                <![CDATA["Place an order"]]>
              </value>
            </param>
            <param index="1">
              <value>
                <![CDATA["DemoBlazeWebTest"]]>
              </value>
            </param>
          </params>
          <reporter-output>
          </reporter-output>
        </test-method> <!-- runScenario -->
        <test-method status="PASS" signature="tearDownClass()[pri:0, instance:runners.DemoBlazeRunner@646007f4]" name="tearDownClass" is-config="true" duration-ms="4586" started-at="2023-03-17T00:09:39 IST" finished-at="2023-03-17T00:09:43 IST">
          <reporter-output>
          </reporter-output>
        </test-method> <!-- tearDownClass -->
      </class> <!-- runners.DemoBlazeRunner -->
    </test> <!-- Default test -->
  </suite> <!-- Default suite -->
</testng-results>
